<?xml version="1.0" encoding="UTF-8"?>
<testng-results ignored="0" total="1" passed="1" failed="0" skipped="0">
  <reporter-output>
  </reporter-output>
  <suite started-at="2025-06-12T16:01:28 IST" name="Suite" finished-at="2025-06-12T16:01:46 IST" duration-ms="17611">
    <groups>
    </groups>
    <test started-at="2025-06-12T16:01:28 IST" name="Test" finished-at="2025-06-12T16:01:46 IST" duration-ms="17611">
      <class name="pom.LoginTest">
        <test-method is-config="true" signature="setup()[pri:0, instance:pom.LoginTest@d35dea7]" started-at="2025-06-12T16:01:28 IST" name="setup" finished-at="2025-06-12T16:01:42 IST" duration-ms="13446" status="PASS">
          <reporter-output>
          </reporter-output>
        </test-method> <!-- setup -->
        <test-method signature="login()[pri:0, instance:pom.LoginTest@d35dea7]" started-at="2025-06-12T16:01:42 IST" name="login" finished-at="2025-06-12T16:01:46 IST" duration-ms="3723" status="PASS">
          <reporter-output>
          </reporter-output>
        </test-method> <!-- login -->
        <test-method is-config="true" signature="Close()[pri:0, instance:pom.LoginTest@d35dea7]" started-at="2025-06-12T16:01:46 IST" name="Close" finished-at="2025-06-12T16:01:46 IST" duration-ms="362" status="PASS">
          <reporter-output>
          </reporter-output>
        </test-method> <!-- Close -->
      </class> <!-- pom.LoginTest -->
    </test> <!-- Test -->
  </suite> <!-- Suite -->
</testng-results>
